<?xml version="1.0" encoding="UTF-8"?>
<testsuites>
  <testsuite name="" tests="53" assertions="110" errors="0" warnings="0" failures="0" skipped="0" time="0.250995">
    <testsuite name="Project Test Suite" tests="53" assertions="110" errors="0" warnings="0" failures="0" skipped="0" time="0.250995">
      <testsuite name="App\Tests\Controller\CardControllerJsonTest" file="/home/louise/dbwebb-kurser/mvc/me/report/tests/Card/CardControllerJsonTest.php" tests="4" assertions="10" errors="0" warnings="0" failures="0" skipped="0" time="0.038008">
        <testcase name="testJsonDeck_CreatesNewDeckIfNotInSession" class="App\Tests\Controller\CardControllerJsonTest" classname="App.Tests.Controller.CardControllerJsonTest" file="/home/louise/dbwebb-kurser/mvc/me/report/tests/Card/CardControllerJsonTest.php" line="24" assertions="3" time="0.034133"/>
        <testcase name="testJsonShuffle_ReturnsShuffledDeck" class="App\Tests\Controller\CardControllerJsonTest" classname="App.Tests.Controller.CardControllerJsonTest" file="/home/louise/dbwebb-kurser/mvc/me/report/tests/Card/CardControllerJsonTest.php" line="35" assertions="4" time="0.001468"/>
        <testcase name="testJsonDraw_ReturnsCardAndCount" class="App\Tests\Controller\CardControllerJsonTest" classname="App.Tests.Controller.CardControllerJsonTest" file="/home/louise/dbwebb-kurser/mvc/me/report/tests/Card/CardControllerJsonTest.php" line="49" assertions="2" time="0.001222"/>
        <testcase name="testJsonDrawMany_ThrowsExceptionWhenTooMany" class="App\Tests\Controller\CardControllerJsonTest" classname="App.Tests.Controller.CardControllerJsonTest" file="/home/louise/dbwebb-kurser/mvc/me/report/tests/Card/CardControllerJsonTest.php" line="62" assertions="1" time="0.001185"/>
      </testsuite>
      <testsuite name="App\Card\CardHandTest" file="/home/louise/dbwebb-kurser/mvc/me/report/tests/Card/CardHandTest.php" tests="5" assertions="6" errors="0" warnings="0" failures="0" skipped="0" time="0.003310">
        <testcase name="testAddCardAndGetNumberCards" class="App\Card\CardHandTest" classname="App.Card.CardHandTest" file="/home/louise/dbwebb-kurser/mvc/me/report/tests/Card/CardHandTest.php" line="15" assertions="1" time="0.000937"/>
        <testcase name="testGetValues" class="App\Card\CardHandTest" classname="App.Card.CardHandTest" file="/home/louise/dbwebb-kurser/mvc/me/report/tests/Card/CardHandTest.php" line="27" assertions="1" time="0.000663"/>
        <testcase name="testGetSum" class="App\Card\CardHandTest" classname="App.Card.CardHandTest" file="/home/louise/dbwebb-kurser/mvc/me/report/tests/Card/CardHandTest.php" line="41" assertions="1" time="0.000578"/>
        <testcase name="testResetHand" class="App\Card\CardHandTest" classname="App.Card.CardHandTest" file="/home/louise/dbwebb-kurser/mvc/me/report/tests/Card/CardHandTest.php" line="57" assertions="2" time="0.000819"/>
        <testcase name="testGetString" class="App\Card\CardHandTest" classname="App.Card.CardHandTest" file="/home/louise/dbwebb-kurser/mvc/me/report/tests/Card/CardHandTest.php" line="70" assertions="1" time="0.000312"/>
      </testsuite>
      <testsuite name="App\Card\CardTest" file="/home/louise/dbwebb-kurser/mvc/me/report/tests/Card/CardTest.php" tests="3" assertions="8" errors="0" warnings="0" failures="0" skipped="0" time="0.000985">
        <testcase name="testGetValueAndSuit" class="App\Card\CardTest" classname="App.Card.CardTest" file="/home/louise/dbwebb-kurser/mvc/me/report/tests/Card/CardTest.php" line="15" assertions="2" time="0.000291"/>
        <testcase name="testGetValueAsNumberForFaceCards" class="App\Card\CardTest" classname="App.Card.CardTest" file="/home/louise/dbwebb-kurser/mvc/me/report/tests/Card/CardTest.php" line="27" assertions="4" time="0.000327"/>
        <testcase name="testGetValueAsNumberForNumericCards" class="App\Card\CardTest" classname="App.Card.CardTest" file="/home/louise/dbwebb-kurser/mvc/me/report/tests/Card/CardTest.php" line="43" assertions="2" time="0.000367"/>
      </testsuite>
      <testsuite name="App\Card\DeckOfCardsTest" file="/home/louise/dbwebb-kurser/mvc/me/report/tests/Card/DeckOfCardsTest.php" tests="5" assertions="14" errors="0" warnings="0" failures="0" skipped="0" time="0.118450">
        <testcase name="testDeckInitialization" class="App\Card\DeckOfCardsTest" classname="App.Card.DeckOfCardsTest" file="/home/louise/dbwebb-kurser/mvc/me/report/tests/Card/DeckOfCardsTest.php" line="15" assertions="1" time="0.001030"/>
        <testcase name="testDeckShuffle" class="App\Card\DeckOfCardsTest" classname="App.Card.DeckOfCardsTest" file="/home/louise/dbwebb-kurser/mvc/me/report/tests/Card/DeckOfCardsTest.php" line="24" assertions="2" time="0.115760"/>
        <testcase name="testDrawCard" class="App\Card\DeckOfCardsTest" classname="App.Card.DeckOfCardsTest" file="/home/louise/dbwebb-kurser/mvc/me/report/tests/Card/DeckOfCardsTest.php" line="38" assertions="2" time="0.000525"/>
        <testcase name="testDrawManyCards" class="App\Card\DeckOfCardsTest" classname="App.Card.DeckOfCardsTest" file="/home/louise/dbwebb-kurser/mvc/me/report/tests/Card/DeckOfCardsTest.php" line="51" assertions="7" time="0.000606"/>
        <testcase name="testDrawMoreCardsThanInDeck" class="App\Card\DeckOfCardsTest" classname="App.Card.DeckOfCardsTest" file="/home/louise/dbwebb-kurser/mvc/me/report/tests/Card/DeckOfCardsTest.php" line="69" assertions="2" time="0.000529"/>
      </testsuite>
      <testsuite name="App\Tests\Controller\DiceGameControllerTest" file="/home/louise/dbwebb-kurser/mvc/me/report/tests/Dice/DiceControllerTest.php" tests="5" assertions="14" errors="0" warnings="0" failures="0" skipped="0" time="0.034865">
        <testcase name="testTestRollDices_ValidNum" class="App\Tests\Controller\DiceGameControllerTest" classname="App.Tests.Controller.DiceGameControllerTest" file="/home/louise/dbwebb-kurser/mvc/me/report/tests/Dice/DiceControllerTest.php" line="37" assertions="2" time="0.002604"/>
        <testcase name="testTestRollDices_TooMany" class="App\Tests\Controller\DiceGameControllerTest" classname="App.Tests.Controller.DiceGameControllerTest" file="/home/louise/dbwebb-kurser/mvc/me/report/tests/Dice/DiceControllerTest.php" line="44" assertions="2" time="0.003415"/>
        <testcase name="testInitCallback_SetsSessionAndRedirect" class="App\Tests\Controller\DiceGameControllerTest" classname="App.Tests.Controller.DiceGameControllerTest" file="/home/louise/dbwebb-kurser/mvc/me/report/tests/Dice/DiceControllerTest.php" line="51" assertions="3" time="0.022766"/>
        <testcase name="testRoll_WithOneResetsRound" class="App\Tests\Controller\DiceGameControllerTest" classname="App.Tests.Controller.DiceGameControllerTest" file="/home/louise/dbwebb-kurser/mvc/me/report/tests/Dice/DiceControllerTest.php" line="64" assertions="4" time="0.003040"/>
        <testcase name="testSave_UpdatesTotalAndRedirect" class="App\Tests\Controller\DiceGameControllerTest" classname="App.Tests.Controller.DiceGameControllerTest" file="/home/louise/dbwebb-kurser/mvc/me/report/tests/Dice/DiceControllerTest.php" line="89" assertions="3" time="0.003041"/>
      </testsuite>
      <testsuite name="App\Dice\DiceHandTest" file="/home/louise/dbwebb-kurser/mvc/me/report/tests/Dice/DiceHandTest.php" tests="1" assertions="1" errors="0" warnings="0" failures="0" skipped="0" time="0.000473">
        <testcase name="testCreateObject" class="App\Dice\DiceHandTest" classname="App.Dice.DiceHandTest" file="/home/louise/dbwebb-kurser/mvc/me/report/tests/Dice/DiceHandTest.php" line="16" assertions="1" time="0.000473"/>
      </testsuite>
      <testsuite name="App\Dice\DiceTest" file="/home/louise/dbwebb-kurser/mvc/me/report/tests/Dice/DiceTest.php" tests="1" assertions="2" errors="0" warnings="0" failures="0" skipped="0" time="0.000350">
        <testcase name="testCreateDice" class="App\Dice\DiceTest" classname="App.Dice.DiceTest" file="/home/louise/dbwebb-kurser/mvc/me/report/tests/Dice/DiceTest.php" line="16" assertions="2" time="0.000350"/>
      </testsuite>
      <testsuite name="App\Game\BankTest" file="/home/louise/dbwebb-kurser/mvc/me/report/tests/Game/BankTest.php" tests="5" assertions="8" errors="0" warnings="0" failures="0" skipped="0" time="0.004418">
        <testcase name="testDrawCard" class="App\Game\BankTest" classname="App.Game.BankTest" file="/home/louise/dbwebb-kurser/mvc/me/report/tests/Game/BankTest.php" line="18" assertions="2" time="0.000993"/>
        <testcase name="testGetHand" class="App\Game\BankTest" classname="App.Game.BankTest" file="/home/louise/dbwebb-kurser/mvc/me/report/tests/Game/BankTest.php" line="33" assertions="1" time="0.000818"/>
        <testcase name="testGetHandValue" class="App\Game\BankTest" classname="App.Game.BankTest" file="/home/louise/dbwebb-kurser/mvc/me/report/tests/Game/BankTest.php" line="44" assertions="1" time="0.001439"/>
        <testcase name="testPlayTurn" class="App\Game\BankTest" classname="App.Game.BankTest" file="/home/louise/dbwebb-kurser/mvc/me/report/tests/Game/BankTest.php" line="62" assertions="2" time="0.000623"/>
        <testcase name="testResetHand" class="App\Game\BankTest" classname="App.Game.BankTest" file="/home/louise/dbwebb-kurser/mvc/me/report/tests/Game/BankTest.php" line="83" assertions="2" time="0.000546"/>
      </testsuite>
      <testsuite name="App\Game\GameTest" file="/home/louise/dbwebb-kurser/mvc/me/report/tests/Game/GameTest.php" tests="8" assertions="12" errors="0" warnings="0" failures="0" skipped="0" time="0.009600">
        <testcase name="testPlayerDrawCard" class="App\Game\GameTest" classname="App.Game.GameTest" file="/home/louise/dbwebb-kurser/mvc/me/report/tests/Game/GameTest.php" line="18" assertions="1" time="0.001592"/>
        <testcase name="testPlayerStays" class="App\Game\GameTest" classname="App.Game.GameTest" file="/home/louise/dbwebb-kurser/mvc/me/report/tests/Game/GameTest.php" line="36" assertions="1" time="0.001652"/>
        <testcase name="testDetermineWinner" class="App\Game\GameTest" classname="App.Game.GameTest" file="/home/louise/dbwebb-kurser/mvc/me/report/tests/Game/GameTest.php" line="57" assertions="2" time="0.001086"/>
        <testcase name="testPlayerBusted" class="App\Game\GameTest" classname="App.Game.GameTest" file="/home/louise/dbwebb-kurser/mvc/me/report/tests/Game/GameTest.php" line="84" assertions="1" time="0.000795"/>
        <testcase name="testBankBusted" class="App\Game\GameTest" classname="App.Game.GameTest" file="/home/louise/dbwebb-kurser/mvc/me/report/tests/Game/GameTest.php" line="104" assertions="1" time="0.000763"/>
        <testcase name="testGetWinner" class="App\Game\GameTest" classname="App.Game.GameTest" file="/home/louise/dbwebb-kurser/mvc/me/report/tests/Game/GameTest.php" line="133" assertions="1" time="0.000475"/>
        <testcase name="testBankPlay" class="App\Game\GameTest" classname="App.Game.GameTest" file="/home/louise/dbwebb-kurser/mvc/me/report/tests/Game/GameTest.php" line="145" assertions="4" time="0.000778"/>
        <testcase name="testGetDeck" class="App\Game\GameTest" classname="App.Game.GameTest" file="/home/louise/dbwebb-kurser/mvc/me/report/tests/Game/GameTest.php" line="186" assertions="1" time="0.002459"/>
      </testsuite>
      <testsuite name="App\Game\PlayerTest" file="/home/louise/dbwebb-kurser/mvc/me/report/tests/Game/PlayerTest.php" tests="5" assertions="7" errors="0" warnings="0" failures="0" skipped="0" time="0.003241">
        <testcase name="testDrawCard" class="App\Game\PlayerTest" classname="App.Game.PlayerTest" file="/home/louise/dbwebb-kurser/mvc/me/report/tests/Game/PlayerTest.php" line="18" assertions="2" time="0.000912"/>
        <testcase name="testGetHand" class="App\Game\PlayerTest" classname="App.Game.PlayerTest" file="/home/louise/dbwebb-kurser/mvc/me/report/tests/Game/PlayerTest.php" line="33" assertions="1" time="0.000330"/>
        <testcase name="testGetHandValue" class="App\Game\PlayerTest" classname="App.Game.PlayerTest" file="/home/louise/dbwebb-kurser/mvc/me/report/tests/Game/PlayerTest.php" line="43" assertions="1" time="0.000560"/>
        <testcase name="testIsBusted" class="App\Game\PlayerTest" classname="App.Game.PlayerTest" file="/home/louise/dbwebb-kurser/mvc/me/report/tests/Game/PlayerTest.php" line="61" assertions="1" time="0.000901"/>
        <testcase name="testResetHand" class="App\Game\PlayerTest" classname="App.Game.PlayerTest" file="/home/louise/dbwebb-kurser/mvc/me/report/tests/Game/PlayerTest.php" line="81" assertions="2" time="0.000538"/>
      </testsuite>
      <testsuite name="App\Tests\Controller\LibraryControllerTest" file="/home/louise/dbwebb-kurser/mvc/me/report/tests/Library/LibraryControllerTest.php" tests="5" assertions="10" errors="0" warnings="0" failures="0" skipped="0" time="0.019426">
        <testcase name="testIndexRendersTemplate" class="App\Tests\Controller\LibraryControllerTest" classname="App.Tests.Controller.LibraryControllerTest" file="/home/louise/dbwebb-kurser/mvc/me/report/tests/Library/LibraryControllerTest.php" line="18" assertions="2" time="0.001279"/>
        <testcase name="testCreateBook_NotSubmittedRendersForm" class="App\Tests\Controller\LibraryControllerTest" classname="App.Tests.Controller.LibraryControllerTest" file="/home/louise/dbwebb-kurser/mvc/me/report/tests/Library/LibraryControllerTest.php" line="31" assertions="2" time="0.009057"/>
        <testcase name="testViewOneBook_ReturnsBook" class="App\Tests\Controller\LibraryControllerTest" classname="App.Tests.Controller.LibraryControllerTest" file="/home/louise/dbwebb-kurser/mvc/me/report/tests/Library/LibraryControllerTest.php" line="53" assertions="2" time="0.006951"/>
        <testcase name="testViewOneBook_ThrowsExceptionIfNotFound" class="App\Tests\Controller\LibraryControllerTest" classname="App.Tests.Controller.LibraryControllerTest" file="/home/louise/dbwebb-kurser/mvc/me/report/tests/Library/LibraryControllerTest.php" line="69" assertions="1" time="0.001407"/>
        <testcase name="testResetLibrary_ReturnsResponse" class="App\Tests\Controller\LibraryControllerTest" classname="App.Tests.Controller.LibraryControllerTest" file="/home/louise/dbwebb-kurser/mvc/me/report/tests/Library/LibraryControllerTest.php" line="80" assertions="3" time="0.000732"/>
      </testsuite>
      <testsuite name="App\Tests\Service\GameServiceTest" file="/home/louise/dbwebb-kurser/mvc/me/report/tests/Proj/GameServiceTest.php" tests="6" assertions="18" errors="0" warnings="0" failures="0" skipped="0" time="0.017869">
        <testcase name="testGetPlayer_ReturnsExistingPlayer" class="App\Tests\Service\GameServiceTest" classname="App.Tests.Service.GameServiceTest" file="/home/louise/dbwebb-kurser/mvc/me/report/tests/Proj/GameServiceTest.php" line="51" assertions="1" time="0.009658"/>
        <testcase name="testGetPlayer_CreatesNewPlayerIfNotExists" class="App\Tests\Service\GameServiceTest" classname="App.Tests.Service.GameServiceTest" file="/home/louise/dbwebb-kurser/mvc/me/report/tests/Proj/GameServiceTest.php" line="62" assertions="4" time="0.001416"/>
        <testcase name="testEnterHouse_TooEarly" class="App\Tests\Service\GameServiceTest" classname="App.Tests.Service.GameServiceTest" file="/home/louise/dbwebb-kurser/mvc/me/report/tests/Proj/GameServiceTest.php" line="75" assertions="1" time="0.002157"/>
        <testcase name="testEnterHouse_AlreadyVisited" class="App\Tests\Service\GameServiceTest" classname="App.Tests.Service.GameServiceTest" file="/home/louise/dbwebb-kurser/mvc/me/report/tests/Proj/GameServiceTest.php" line="92" assertions="1" time="0.002119"/>
        <testcase name="testMakeChoice_UpdatesPlayerAndInventory" class="App\Tests\Service\GameServiceTest" classname="App.Tests.Service.GameServiceTest" file="/home/louise/dbwebb-kurser/mvc/me/report/tests/Proj/GameServiceTest.php" line="110" assertions="5" time="0.001522"/>
        <testcase name="testCheckGameResult" class="App\Tests\Service\GameServiceTest" classname="App.Tests.Service.GameServiceTest" file="/home/louise/dbwebb-kurser/mvc/me/report/tests/Proj/GameServiceTest.php" line="135" assertions="6" time="0.000998"/>
      </testsuite>
    </testsuite>
  </testsuite>
</testsuites>
