<?xml version="1.0" encoding="UTF-8"?>
<testsuites>
  <testsuite name="" tests="33" assertions="58" errors="0" warnings="0" failures="0" skipped="0" time="0.217263">
    <testsuite name="Project Test Suite" tests="33" assertions="58" errors="0" warnings="0" failures="0" skipped="0" time="0.217263">
      <testsuite name="App\Card\CardHandTest" file="/home/louise/dbwebb-kurser/mvc/me/report/tests/Card/CardHandTest.php" tests="5" assertions="6" errors="0" warnings="0" failures="0" skipped="0" time="0.014660">
        <testcase name="testAddCardAndGetNumberCards" class="App\Card\CardHandTest" classname="App.Card.CardHandTest" file="/home/louise/dbwebb-kurser/mvc/me/report/tests/Card/CardHandTest.php" line="15" assertions="1" time="0.011403"/>
        <testcase name="testGetValues" class="App\Card\CardHandTest" classname="App.Card.CardHandTest" file="/home/louise/dbwebb-kurser/mvc/me/report/tests/Card/CardHandTest.php" line="27" assertions="1" time="0.000687"/>
        <testcase name="testGetSum" class="App\Card\CardHandTest" classname="App.Card.CardHandTest" file="/home/louise/dbwebb-kurser/mvc/me/report/tests/Card/CardHandTest.php" line="41" assertions="1" time="0.000514"/>
        <testcase name="testResetHand" class="App\Card\CardHandTest" classname="App.Card.CardHandTest" file="/home/louise/dbwebb-kurser/mvc/me/report/tests/Card/CardHandTest.php" line="57" assertions="2" time="0.001190"/>
        <testcase name="testGetString" class="App\Card\CardHandTest" classname="App.Card.CardHandTest" file="/home/louise/dbwebb-kurser/mvc/me/report/tests/Card/CardHandTest.php" line="70" assertions="1" time="0.000866"/>
      </testsuite>
      <testsuite name="App\Card\CardTest" file="/home/louise/dbwebb-kurser/mvc/me/report/tests/Card/CardTest.php" tests="3" assertions="8" errors="0" warnings="0" failures="0" skipped="0" time="0.001609">
        <testcase name="testGetValueAndSuit" class="App\Card\CardTest" classname="App.Card.CardTest" file="/home/louise/dbwebb-kurser/mvc/me/report/tests/Card/CardTest.php" line="15" assertions="2" time="0.000577"/>
        <testcase name="testGetValueAsNumberForFaceCards" class="App\Card\CardTest" classname="App.Card.CardTest" file="/home/louise/dbwebb-kurser/mvc/me/report/tests/Card/CardTest.php" line="27" assertions="4" time="0.000571"/>
        <testcase name="testGetValueAsNumberForNumericCards" class="App\Card\CardTest" classname="App.Card.CardTest" file="/home/louise/dbwebb-kurser/mvc/me/report/tests/Card/CardTest.php" line="43" assertions="2" time="0.000461"/>
      </testsuite>
      <testsuite name="App\Card\DeckOfCardsTest" file="/home/louise/dbwebb-kurser/mvc/me/report/tests/Card/DeckOfCardsTest.php" tests="5" assertions="14" errors="0" warnings="0" failures="0" skipped="0" time="0.152155">
        <testcase name="testDeckInitialization" class="App\Card\DeckOfCardsTest" classname="App.Card.DeckOfCardsTest" file="/home/louise/dbwebb-kurser/mvc/me/report/tests/Card/DeckOfCardsTest.php" line="15" assertions="1" time="0.001762"/>
        <testcase name="testDeckShuffle" class="App\Card\DeckOfCardsTest" classname="App.Card.DeckOfCardsTest" file="/home/louise/dbwebb-kurser/mvc/me/report/tests/Card/DeckOfCardsTest.php" line="24" assertions="2" time="0.144875"/>
        <testcase name="testDrawCard" class="App\Card\DeckOfCardsTest" classname="App.Card.DeckOfCardsTest" file="/home/louise/dbwebb-kurser/mvc/me/report/tests/Card/DeckOfCardsTest.php" line="38" assertions="2" time="0.002637"/>
        <testcase name="testDrawManyCards" class="App\Card\DeckOfCardsTest" classname="App.Card.DeckOfCardsTest" file="/home/louise/dbwebb-kurser/mvc/me/report/tests/Card/DeckOfCardsTest.php" line="51" assertions="7" time="0.000800"/>
        <testcase name="testDrawMoreCardsThanInDeck" class="App\Card\DeckOfCardsTest" classname="App.Card.DeckOfCardsTest" file="/home/louise/dbwebb-kurser/mvc/me/report/tests/Card/DeckOfCardsTest.php" line="69" assertions="2" time="0.002082"/>
      </testsuite>
      <testsuite name="App\Dice\DiceHandTest" file="/home/louise/dbwebb-kurser/mvc/me/report/tests/Dice/DiceHandTest.php" tests="1" assertions="1" errors="0" warnings="0" failures="0" skipped="0" time="0.001064">
        <testcase name="testCreateObject" class="App\Dice\DiceHandTest" classname="App.Dice.DiceHandTest" file="/home/louise/dbwebb-kurser/mvc/me/report/tests/Dice/DiceHandTest.php" line="16" assertions="1" time="0.001064"/>
      </testsuite>
      <testsuite name="App\Dice\DiceTest" file="/home/louise/dbwebb-kurser/mvc/me/report/tests/Dice/DiceTest.php" tests="1" assertions="2" errors="0" warnings="0" failures="0" skipped="0" time="0.001182">
        <testcase name="testCreateDice" class="App\Dice\DiceTest" classname="App.Dice.DiceTest" file="/home/louise/dbwebb-kurser/mvc/me/report/tests/Dice/DiceTest.php" line="16" assertions="2" time="0.001182"/>
      </testsuite>
      <testsuite name="App\Game\BankTest" file="/home/louise/dbwebb-kurser/mvc/me/report/tests/Game/BankTest.php" tests="5" assertions="8" errors="0" warnings="0" failures="0" skipped="0" time="0.028666">
        <testcase name="testDrawCard" class="App\Game\BankTest" classname="App.Game.BankTest" file="/home/louise/dbwebb-kurser/mvc/me/report/tests/Game/BankTest.php" line="18" assertions="2" time="0.023779"/>
        <testcase name="testGetHand" class="App\Game\BankTest" classname="App.Game.BankTest" file="/home/louise/dbwebb-kurser/mvc/me/report/tests/Game/BankTest.php" line="33" assertions="1" time="0.000830"/>
        <testcase name="testGetHandValue" class="App\Game\BankTest" classname="App.Game.BankTest" file="/home/louise/dbwebb-kurser/mvc/me/report/tests/Game/BankTest.php" line="44" assertions="1" time="0.001836"/>
        <testcase name="testPlayTurn" class="App\Game\BankTest" classname="App.Game.BankTest" file="/home/louise/dbwebb-kurser/mvc/me/report/tests/Game/BankTest.php" line="62" assertions="2" time="0.001214"/>
        <testcase name="testResetHand" class="App\Game\BankTest" classname="App.Game.BankTest" file="/home/louise/dbwebb-kurser/mvc/me/report/tests/Game/BankTest.php" line="83" assertions="2" time="0.001007"/>
      </testsuite>
      <testsuite name="App\Game\GameTest" file="/home/louise/dbwebb-kurser/mvc/me/report/tests/Game/GameTest.php" tests="8" assertions="12" errors="0" warnings="0" failures="0" skipped="0" time="0.015073">
        <testcase name="testPlayerDrawCard" class="App\Game\GameTest" classname="App.Game.GameTest" file="/home/louise/dbwebb-kurser/mvc/me/report/tests/Game/GameTest.php" line="18" assertions="1" time="0.004747"/>
        <testcase name="testPlayerStays" class="App\Game\GameTest" classname="App.Game.GameTest" file="/home/louise/dbwebb-kurser/mvc/me/report/tests/Game/GameTest.php" line="36" assertions="1" time="0.001555"/>
        <testcase name="testDetermineWinner" class="App\Game\GameTest" classname="App.Game.GameTest" file="/home/louise/dbwebb-kurser/mvc/me/report/tests/Game/GameTest.php" line="57" assertions="2" time="0.001309"/>
        <testcase name="testPlayerBusted" class="App\Game\GameTest" classname="App.Game.GameTest" file="/home/louise/dbwebb-kurser/mvc/me/report/tests/Game/GameTest.php" line="84" assertions="1" time="0.000642"/>
        <testcase name="testBankBusted" class="App\Game\GameTest" classname="App.Game.GameTest" file="/home/louise/dbwebb-kurser/mvc/me/report/tests/Game/GameTest.php" line="104" assertions="1" time="0.000647"/>
        <testcase name="testGetWinner" class="App\Game\GameTest" classname="App.Game.GameTest" file="/home/louise/dbwebb-kurser/mvc/me/report/tests/Game/GameTest.php" line="133" assertions="1" time="0.000605"/>
        <testcase name="testBankPlay" class="App\Game\GameTest" classname="App.Game.GameTest" file="/home/louise/dbwebb-kurser/mvc/me/report/tests/Game/GameTest.php" line="145" assertions="4" time="0.004452"/>
        <testcase name="testGetDeck" class="App\Game\GameTest" classname="App.Game.GameTest" file="/home/louise/dbwebb-kurser/mvc/me/report/tests/Game/GameTest.php" line="186" assertions="1" time="0.001116"/>
      </testsuite>
      <testsuite name="App\Game\PlayerTest" file="/home/louise/dbwebb-kurser/mvc/me/report/tests/Game/PlayerTest.php" tests="5" assertions="7" errors="0" warnings="0" failures="0" skipped="0" time="0.002854">
        <testcase name="testDrawCard" class="App\Game\PlayerTest" classname="App.Game.PlayerTest" file="/home/louise/dbwebb-kurser/mvc/me/report/tests/Game/PlayerTest.php" line="18" assertions="2" time="0.000566"/>
        <testcase name="testGetHand" class="App\Game\PlayerTest" classname="App.Game.PlayerTest" file="/home/louise/dbwebb-kurser/mvc/me/report/tests/Game/PlayerTest.php" line="33" assertions="1" time="0.000353"/>
        <testcase name="testGetHandValue" class="App\Game\PlayerTest" classname="App.Game.PlayerTest" file="/home/louise/dbwebb-kurser/mvc/me/report/tests/Game/PlayerTest.php" line="43" assertions="1" time="0.000552"/>
        <testcase name="testIsBusted" class="App\Game\PlayerTest" classname="App.Game.PlayerTest" file="/home/louise/dbwebb-kurser/mvc/me/report/tests/Game/PlayerTest.php" line="61" assertions="1" time="0.000851"/>
        <testcase name="testResetHand" class="App\Game\PlayerTest" classname="App.Game.PlayerTest" file="/home/louise/dbwebb-kurser/mvc/me/report/tests/Game/PlayerTest.php" line="81" assertions="2" time="0.000532"/>
      </testsuite>
    </testsuite>
  </testsuite>
</testsuites>
